Determining if the pthread_create exist failed with the following output:
Change Dir: /home/teeramoo/Desktop/ORB-slam-script/RecorderForOdroid/VideoRecorder/cmake-build-debug/CMakeFiles/CMakeTmp

Run Build Command:"/usr/bin/make" "cmTC_aba1c/fast"
/usr/bin/make -f CMakeFiles/cmTC_aba1c.dir/build.make CMakeFiles/cmTC_aba1c.dir/build
make[1]: Entering directory '/home/teeramoo/Desktop/ORB-slam-script/RecorderForOdroid/VideoRecorder/cmake-build-debug/CMakeFiles/CMakeTmp'
Building C object CMakeFiles/cmTC_aba1c.dir/CheckSymbolExists.c.o
/usr/bin/cc    -o CMakeFiles/cmTC_aba1c.dir/CheckSymbolExists.c.o   -c /home/teeramoo/Desktop/ORB-slam-script/RecorderForOdroid/VideoRecorder/cmake-build-debug/CMakeFiles/CMakeTmp/CheckSymbolExists.c
Linking C executable cmTC_aba1c
/home/teeramoo/.local/share/JetBrains/Toolbox/apps/CLion/ch-0/172.4343.16/bin/cmake/bin/cmake -E cmake_link_script CMakeFiles/cmTC_aba1c.dir/link.txt --verbose=1
/usr/bin/cc      -rdynamic CMakeFiles/cmTC_aba1c.dir/CheckSymbolExists.c.o  -o cmTC_aba1c 
CMakeFiles/cmTC_aba1c.dir/CheckSymbolExists.c.o: In function `main':
CheckSymbolExists.c:(.text+0x16): undefined reference to `pthread_create'
collect2: error: ld returned 1 exit status
CMakeFiles/cmTC_aba1c.dir/build.make:97: recipe for target 'cmTC_aba1c' failed
make[1]: *** [cmTC_aba1c] Error 1
make[1]: Leaving directory '/home/teeramoo/Desktop/ORB-slam-script/RecorderForOdroid/VideoRecorder/cmake-build-debug/CMakeFiles/CMakeTmp'
Makefile:126: recipe for target 'cmTC_aba1c/fast' failed
make: *** [cmTC_aba1c/fast] Error 2

File /home/teeramoo/Desktop/ORB-slam-script/RecorderForOdroid/VideoRecorder/cmake-build-debug/CMakeFiles/CMakeTmp/CheckSymbolExists.c:
/* */
#include <pthread.h>

int main(int argc, char** argv)
{
  (void)argv;
#ifndef pthread_create
  return ((int*)(&pthread_create))[argc];
#else
  (void)argc;
  return 0;
#endif
}

Determining if the function pthread_create exists in the pthreads failed with the following output:
Change Dir: /home/teeramoo/Desktop/ORB-slam-script/RecorderForOdroid/VideoRecorder/cmake-build-debug/CMakeFiles/CMakeTmp

Run Build Command:"/usr/bin/make" "cmTC_42274/fast"
/usr/bin/make -f CMakeFiles/cmTC_42274.dir/build.make CMakeFiles/cmTC_42274.dir/build
make[1]: Entering directory '/home/teeramoo/Desktop/ORB-slam-script/RecorderForOdroid/VideoRecorder/cmake-build-debug/CMakeFiles/CMakeTmp'
Building C object CMakeFiles/cmTC_42274.dir/CheckFunctionExists.c.o
/usr/bin/cc   -DCHECK_FUNCTION_EXISTS=pthread_create   -o CMakeFiles/cmTC_42274.dir/CheckFunctionExists.c.o   -c /home/teeramoo/.local/share/JetBrains/Toolbox/apps/CLion/ch-0/172.4343.16/bin/cmake/share/cmake-3.8/Modules/CheckFunctionExists.c
Linking C executable cmTC_42274
/home/teeramoo/.local/share/JetBrains/Toolbox/apps/CLion/ch-0/172.4343.16/bin/cmake/bin/cmake -E cmake_link_script CMakeFiles/cmTC_42274.dir/link.txt --verbose=1
/usr/bin/cc  -DCHECK_FUNCTION_EXISTS=pthread_create    -rdynamic CMakeFiles/cmTC_42274.dir/CheckFunctionExists.c.o  -o cmTC_42274 -lpthreads 
/usr/bin/ld: cannot find -lpthreads
collect2: error: ld returned 1 exit status
CMakeFiles/cmTC_42274.dir/build.make:97: recipe for target 'cmTC_42274' failed
make[1]: *** [cmTC_42274] Error 1
make[1]: Leaving directory '/home/teeramoo/Desktop/ORB-slam-script/RecorderForOdroid/VideoRecorder/cmake-build-debug/CMakeFiles/CMakeTmp'
Makefile:126: recipe for target 'cmTC_42274/fast' failed
make: *** [cmTC_42274/fast] Error 2


