Determining if the pthread_create exist failed with the following output:
Change Dir: /home/teeramoo/Desktop/ORB-slam-script/RecorderForOdroid/IMUrecorder/cmake-build-debug/CMakeFiles/CMakeTmp

Run Build Command:"/usr/bin/make" "cmTC_e1acd/fast"
/usr/bin/make -f CMakeFiles/cmTC_e1acd.dir/build.make CMakeFiles/cmTC_e1acd.dir/build
make[1]: Entering directory '/home/teeramoo/Desktop/ORB-slam-script/RecorderForOdroid/IMUrecorder/cmake-build-debug/CMakeFiles/CMakeTmp'
Building C object CMakeFiles/cmTC_e1acd.dir/CheckSymbolExists.c.o
/usr/bin/cc    -o CMakeFiles/cmTC_e1acd.dir/CheckSymbolExists.c.o   -c /home/teeramoo/Desktop/ORB-slam-script/RecorderForOdroid/IMUrecorder/cmake-build-debug/CMakeFiles/CMakeTmp/CheckSymbolExists.c
Linking C executable cmTC_e1acd
/home/teeramoo/.local/share/JetBrains/Toolbox/apps/CLion/ch-0/172.4343.16/bin/cmake/bin/cmake -E cmake_link_script CMakeFiles/cmTC_e1acd.dir/link.txt --verbose=1
/usr/bin/cc      -rdynamic CMakeFiles/cmTC_e1acd.dir/CheckSymbolExists.c.o  -o cmTC_e1acd 
CMakeFiles/cmTC_e1acd.dir/CheckSymbolExists.c.o: In function `main':
CheckSymbolExists.c:(.text+0x16): undefined reference to `pthread_create'
collect2: error: ld returned 1 exit status
CMakeFiles/cmTC_e1acd.dir/build.make:97: recipe for target 'cmTC_e1acd' failed
make[1]: *** [cmTC_e1acd] Error 1
make[1]: Leaving directory '/home/teeramoo/Desktop/ORB-slam-script/RecorderForOdroid/IMUrecorder/cmake-build-debug/CMakeFiles/CMakeTmp'
Makefile:126: recipe for target 'cmTC_e1acd/fast' failed
make: *** [cmTC_e1acd/fast] Error 2

File /home/teeramoo/Desktop/ORB-slam-script/RecorderForOdroid/IMUrecorder/cmake-build-debug/CMakeFiles/CMakeTmp/CheckSymbolExists.c:
/* */
#include <pthread.h>

int main(int argc, char** argv)
{
  (void)argv;
#ifndef pthread_create
  return ((int*)(&pthread_create))[argc];
#else
  (void)argc;
  return 0;
#endif
}

Determining if the function pthread_create exists in the pthreads failed with the following output:
Change Dir: /home/teeramoo/Desktop/ORB-slam-script/RecorderForOdroid/IMUrecorder/cmake-build-debug/CMakeFiles/CMakeTmp

Run Build Command:"/usr/bin/make" "cmTC_1afd9/fast"
/usr/bin/make -f CMakeFiles/cmTC_1afd9.dir/build.make CMakeFiles/cmTC_1afd9.dir/build
make[1]: Entering directory '/home/teeramoo/Desktop/ORB-slam-script/RecorderForOdroid/IMUrecorder/cmake-build-debug/CMakeFiles/CMakeTmp'
Building C object CMakeFiles/cmTC_1afd9.dir/CheckFunctionExists.c.o
/usr/bin/cc   -DCHECK_FUNCTION_EXISTS=pthread_create   -o CMakeFiles/cmTC_1afd9.dir/CheckFunctionExists.c.o   -c /home/teeramoo/.local/share/JetBrains/Toolbox/apps/CLion/ch-0/172.4343.16/bin/cmake/share/cmake-3.8/Modules/CheckFunctionExists.c
Linking C executable cmTC_1afd9
/home/teeramoo/.local/share/JetBrains/Toolbox/apps/CLion/ch-0/172.4343.16/bin/cmake/bin/cmake -E cmake_link_script CMakeFiles/cmTC_1afd9.dir/link.txt --verbose=1
/usr/bin/cc  -DCHECK_FUNCTION_EXISTS=pthread_create    -rdynamic CMakeFiles/cmTC_1afd9.dir/CheckFunctionExists.c.o  -o cmTC_1afd9 -lpthreads 
/usr/bin/ld: cannot find -lpthreads
collect2: error: ld returned 1 exit status
CMakeFiles/cmTC_1afd9.dir/build.make:97: recipe for target 'cmTC_1afd9' failed
make[1]: *** [cmTC_1afd9] Error 1
make[1]: Leaving directory '/home/teeramoo/Desktop/ORB-slam-script/RecorderForOdroid/IMUrecorder/cmake-build-debug/CMakeFiles/CMakeTmp'
Makefile:126: recipe for target 'cmTC_1afd9/fast' failed
make: *** [cmTC_1afd9/fast] Error 2


